2020-04-09 23:28:26 DEBUG AnnotationConfigApplicationContext:594 - Refreshing org.springframework.context.annotation.AnnotationConfigApplicationContext@6c3f5566
2020-04-09 23:28:26 DEBUG DefaultListableBeanFactory:213 - Creating shared instance of singleton bean 'org.springframework.context.annotation.internalConfigurationAnnotationProcessor'
2020-04-09 23:28:26 DEBUG ClassPathBeanDefinitionScanner:437 - Identified candidate component class: file [E:\capge\Study Material-20200407T063534Z-001\Study Material\Module 3\spring-20200408T060243Z-001\spring\examples\emp-mgt\emp-mgt-sent\target\classes\com\capg\dao\EmployeeDaoImpl.class]
2020-04-09 23:28:26 DEBUG ClassPathBeanDefinitionScanner:437 - Identified candidate component class: file [E:\capge\Study Material-20200407T063534Z-001\Study Material\Module 3\spring-20200408T060243Z-001\spring\examples\emp-mgt\emp-mgt-sent\target\classes\com\capg\service\EmployeeServiceImpl.class]
2020-04-09 23:28:26 DEBUG DefaultListableBeanFactory:213 - Creating shared instance of singleton bean 'org.springframework.context.event.internalEventListenerProcessor'
2020-04-09 23:28:26 DEBUG DefaultListableBeanFactory:213 - Creating shared instance of singleton bean 'org.springframework.context.event.internalEventListenerFactory'
2020-04-09 23:28:26 DEBUG DefaultListableBeanFactory:213 - Creating shared instance of singleton bean 'org.springframework.context.annotation.internalAutowiredAnnotationProcessor'
2020-04-09 23:28:26 DEBUG DefaultListableBeanFactory:213 - Creating shared instance of singleton bean 'org.springframework.context.annotation.internalCommonAnnotationProcessor'
2020-04-09 23:28:26 DEBUG DefaultListableBeanFactory:213 - Creating shared instance of singleton bean 'javaConfig'
2020-04-09 23:28:26 DEBUG DefaultListableBeanFactory:213 - Creating shared instance of singleton bean 'employeeDaoImpl'
2020-04-09 23:28:26 DEBUG DefaultListableBeanFactory:213 - Creating shared instance of singleton bean 'employeeServiceImpl'
2020-04-09 23:28:26 DEBUG AnnotationConfigApplicationContext:1002 - Closing org.springframework.context.annotation.AnnotationConfigApplicationContext@6c3f5566, started on Thu Apr 09 23:28:26 IST 2020
2020-04-09 23:42:25 DEBUG AnnotationConfigApplicationContext:594 - Refreshing org.springframework.context.annotation.AnnotationConfigApplicationContext@6c3f5566
2020-04-09 23:42:25 DEBUG DefaultListableBeanFactory:213 - Creating shared instance of singleton bean 'org.springframework.context.annotation.internalConfigurationAnnotationProcessor'
2020-04-09 23:42:25 DEBUG ClassPathBeanDefinitionScanner:437 - Identified candidate component class: file [E:\capge\Study Material-20200407T063534Z-001\Study Material\Module 3\spring-20200408T060243Z-001\spring\examples\Employee_details 1.4\Employee_details 1.4\target\classes\com\capg\dao\EmployeeDaoImpl.class]
2020-04-09 23:42:25 DEBUG ClassPathBeanDefinitionScanner:437 - Identified candidate component class: file [E:\capge\Study Material-20200407T063534Z-001\Study Material\Module 3\spring-20200408T060243Z-001\spring\examples\Employee_details 1.4\Employee_details 1.4\target\classes\com\capg\service\EmployeeServiceImpl.class]
2020-04-09 23:42:26 DEBUG DefaultListableBeanFactory:213 - Creating shared instance of singleton bean 'org.springframework.context.event.internalEventListenerProcessor'
2020-04-09 23:42:26 DEBUG DefaultListableBeanFactory:213 - Creating shared instance of singleton bean 'org.springframework.context.event.internalEventListenerFactory'
2020-04-09 23:42:26 DEBUG DefaultListableBeanFactory:213 - Creating shared instance of singleton bean 'org.springframework.context.annotation.internalAutowiredAnnotationProcessor'
2020-04-09 23:42:26 DEBUG DefaultListableBeanFactory:213 - Creating shared instance of singleton bean 'org.springframework.context.annotation.internalCommonAnnotationProcessor'
2020-04-09 23:42:26 DEBUG DefaultListableBeanFactory:213 - Creating shared instance of singleton bean 'javaConfig'
2020-04-09 23:42:26 DEBUG DefaultListableBeanFactory:213 - Creating shared instance of singleton bean 'employeeDaoImpl'
2020-04-09 23:42:26 DEBUG DefaultListableBeanFactory:213 - Creating shared instance of singleton bean 'employeeServiceImpl'
2020-04-09 23:42:26 DEBUG AnnotationConfigApplicationContext:1002 - Closing org.springframework.context.annotation.AnnotationConfigApplicationContext@6c3f5566, started on Thu Apr 09 23:42:25 IST 2020
2020-04-09 23:50:59 DEBUG AnnotationConfigApplicationContext:594 - Refreshing org.springframework.context.annotation.AnnotationConfigApplicationContext@6c3f5566
2020-04-09 23:50:59 DEBUG DefaultListableBeanFactory:213 - Creating shared instance of singleton bean 'org.springframework.context.annotation.internalConfigurationAnnotationProcessor'
2020-04-09 23:50:59 DEBUG ClassPathBeanDefinitionScanner:437 - Identified candidate component class: file [E:\capge\Study Material-20200407T063534Z-001\Study Material\Module 3\spring-20200408T060243Z-001\spring\examples\Employee_details 1.4\Employee_details 1.4\target\classes\com\capg\dao\EmployeeDaoImpl.class]
2020-04-09 23:50:59 DEBUG ClassPathBeanDefinitionScanner:437 - Identified candidate component class: file [E:\capge\Study Material-20200407T063534Z-001\Study Material\Module 3\spring-20200408T060243Z-001\spring\examples\Employee_details 1.4\Employee_details 1.4\target\classes\com\capg\service\EmployeeServiceImpl.class]
2020-04-09 23:51:00 DEBUG DefaultListableBeanFactory:213 - Creating shared instance of singleton bean 'org.springframework.context.event.internalEventListenerProcessor'
2020-04-09 23:51:00 DEBUG DefaultListableBeanFactory:213 - Creating shared instance of singleton bean 'org.springframework.context.event.internalEventListenerFactory'
2020-04-09 23:51:00 DEBUG DefaultListableBeanFactory:213 - Creating shared instance of singleton bean 'org.springframework.context.annotation.internalAutowiredAnnotationProcessor'
2020-04-09 23:51:00 DEBUG DefaultListableBeanFactory:213 - Creating shared instance of singleton bean 'org.springframework.context.annotation.internalCommonAnnotationProcessor'
2020-04-09 23:51:00 DEBUG DefaultListableBeanFactory:213 - Creating shared instance of singleton bean 'javaConfig'
2020-04-09 23:51:00 DEBUG DefaultListableBeanFactory:213 - Creating shared instance of singleton bean 'employeeDaoImpl'
2020-04-09 23:51:00 DEBUG DefaultListableBeanFactory:213 - Creating shared instance of singleton bean 'employeeServiceImpl'
2020-04-09 23:51:00 DEBUG AnnotationConfigApplicationContext:1002 - Closing org.springframework.context.annotation.AnnotationConfigApplicationContext@6c3f5566, started on Thu Apr 09 23:50:59 IST 2020
2020-04-10 00:38:08 DEBUG AnnotationConfigApplicationContext:594 - Refreshing org.springframework.context.annotation.AnnotationConfigApplicationContext@6c3f5566
2020-04-10 00:38:08 DEBUG DefaultListableBeanFactory:213 - Creating shared instance of singleton bean 'org.springframework.context.annotation.internalConfigurationAnnotationProcessor'
2020-04-10 00:38:08 DEBUG ClassPathBeanDefinitionScanner:437 - Identified candidate component class: file [E:\capge\Study Material-20200407T063534Z-001\Study Material\Module 3\spring-20200408T060243Z-001\spring\examples\Employee_details 1.4\Employee_details 1.4\target\classes\com\capg\dao\EmployeeDaoImpl.class]
2020-04-10 00:38:08 DEBUG ClassPathBeanDefinitionScanner:437 - Identified candidate component class: file [E:\capge\Study Material-20200407T063534Z-001\Study Material\Module 3\spring-20200408T060243Z-001\spring\examples\Employee_details 1.4\Employee_details 1.4\target\classes\com\capg\service\EmployeeServiceImpl.class]
2020-04-10 00:38:08 DEBUG DefaultListableBeanFactory:213 - Creating shared instance of singleton bean 'org.springframework.context.event.internalEventListenerProcessor'
2020-04-10 00:38:08 DEBUG DefaultListableBeanFactory:213 - Creating shared instance of singleton bean 'org.springframework.context.event.internalEventListenerFactory'
2020-04-10 00:38:08 DEBUG DefaultListableBeanFactory:213 - Creating shared instance of singleton bean 'org.springframework.context.annotation.internalAutowiredAnnotationProcessor'
2020-04-10 00:38:08 DEBUG DefaultListableBeanFactory:213 - Creating shared instance of singleton bean 'org.springframework.context.annotation.internalCommonAnnotationProcessor'
2020-04-10 00:38:08 DEBUG DefaultListableBeanFactory:213 - Creating shared instance of singleton bean 'javaConfig'
2020-04-10 00:38:08 DEBUG DefaultListableBeanFactory:213 - Creating shared instance of singleton bean 'employeeDaoImpl'
2020-04-10 00:38:08 DEBUG DefaultListableBeanFactory:213 - Creating shared instance of singleton bean 'employeeServiceImpl'
2020-04-10 00:38:08 DEBUG AnnotationConfigApplicationContext:1002 - Closing org.springframework.context.annotation.AnnotationConfigApplicationContext@6c3f5566, started on Fri Apr 10 00:38:08 IST 2020
2020-04-10 10:29:10 DEBUG AnnotationConfigApplicationContext:594 - Refreshing org.springframework.context.annotation.AnnotationConfigApplicationContext@6c3f5566
2020-04-10 10:29:10 DEBUG DefaultListableBeanFactory:213 - Creating shared instance of singleton bean 'org.springframework.context.annotation.internalConfigurationAnnotationProcessor'
2020-04-10 10:29:10 DEBUG ClassPathBeanDefinitionScanner:437 - Identified candidate component class: file [E:\capge\Study Material-20200407T063534Z-001\Study Material\Module 3\spring-20200408T060243Z-001\spring\examples\Employee_details 1.4\Employee_details 1.4\target\classes\com\capg\dao\EmployeeDaoImpl.class]
2020-04-10 10:29:10 DEBUG ClassPathBeanDefinitionScanner:437 - Identified candidate component class: file [E:\capge\Study Material-20200407T063534Z-001\Study Material\Module 3\spring-20200408T060243Z-001\spring\examples\Employee_details 1.4\Employee_details 1.4\target\classes\com\capg\service\EmployeeServiceImpl.class]
2020-04-10 10:29:10 DEBUG DefaultListableBeanFactory:213 - Creating shared instance of singleton bean 'org.springframework.context.event.internalEventListenerProcessor'
2020-04-10 10:29:10 DEBUG DefaultListableBeanFactory:213 - Creating shared instance of singleton bean 'org.springframework.context.event.internalEventListenerFactory'
2020-04-10 10:29:10 DEBUG DefaultListableBeanFactory:213 - Creating shared instance of singleton bean 'org.springframework.context.annotation.internalAutowiredAnnotationProcessor'
2020-04-10 10:29:10 DEBUG DefaultListableBeanFactory:213 - Creating shared instance of singleton bean 'org.springframework.context.annotation.internalCommonAnnotationProcessor'
2020-04-10 10:29:10 DEBUG DefaultListableBeanFactory:213 - Creating shared instance of singleton bean 'javaConfig'
2020-04-10 10:29:10 DEBUG DefaultListableBeanFactory:213 - Creating shared instance of singleton bean 'employeeDaoImpl'
2020-04-10 10:29:10 DEBUG DefaultListableBeanFactory:213 - Creating shared instance of singleton bean 'employeeServiceImpl'
2020-04-10 10:29:10 DEBUG AnnotationConfigApplicationContext:1002 - Closing org.springframework.context.annotation.AnnotationConfigApplicationContext@6c3f5566, started on Fri Apr 10 10:29:10 IST 2020
2020-04-19 00:09:59 DEBUG AnnotationConfigApplicationContext:594 - Refreshing org.springframework.context.annotation.AnnotationConfigApplicationContext@6c3f5566
2020-04-19 00:09:59 DEBUG DefaultListableBeanFactory:213 - Creating shared instance of singleton bean 'org.springframework.context.annotation.internalConfigurationAnnotationProcessor'
2020-04-19 00:10:00 DEBUG ClassPathBeanDefinitionScanner:437 - Identified candidate component class: file [E:\capge\Study Material-20200407T063534Z-001\Study Material\Module 3\spring-20200408T060243Z-001\spring\examples\Employee_details 1.4\Employee_details 1.4\target\classes\com\capg\dao\EmployeeDaoImpl.class]
2020-04-19 00:10:00 DEBUG ClassPathBeanDefinitionScanner:437 - Identified candidate component class: file [E:\capge\Study Material-20200407T063534Z-001\Study Material\Module 3\spring-20200408T060243Z-001\spring\examples\Employee_details 1.4\Employee_details 1.4\target\classes\com\capg\service\EmployeeServiceImpl.class]
2020-04-19 00:10:01 DEBUG DefaultListableBeanFactory:213 - Creating shared instance of singleton bean 'org.springframework.context.event.internalEventListenerProcessor'
2020-04-19 00:10:01 DEBUG DefaultListableBeanFactory:213 - Creating shared instance of singleton bean 'org.springframework.context.event.internalEventListenerFactory'
2020-04-19 00:10:01 DEBUG DefaultListableBeanFactory:213 - Creating shared instance of singleton bean 'org.springframework.context.annotation.internalAutowiredAnnotationProcessor'
2020-04-19 00:10:01 DEBUG DefaultListableBeanFactory:213 - Creating shared instance of singleton bean 'org.springframework.context.annotation.internalCommonAnnotationProcessor'
2020-04-19 00:10:01 DEBUG DefaultListableBeanFactory:213 - Creating shared instance of singleton bean 'javaConfig'
2020-04-19 00:10:01 DEBUG DefaultListableBeanFactory:213 - Creating shared instance of singleton bean 'employeeDaoImpl'
2020-04-19 00:10:01 DEBUG DefaultListableBeanFactory:213 - Creating shared instance of singleton bean 'employeeServiceImpl'
2020-04-19 00:21:46 DEBUG AnnotationConfigApplicationContext:594 - Refreshing org.springframework.context.annotation.AnnotationConfigApplicationContext@6c3f5566
2020-04-19 00:21:46 DEBUG DefaultListableBeanFactory:213 - Creating shared instance of singleton bean 'org.springframework.context.annotation.internalConfigurationAnnotationProcessor'
2020-04-19 00:21:46 DEBUG ClassPathBeanDefinitionScanner:437 - Identified candidate component class: file [E:\capge\Study Material-20200407T063534Z-001\Study Material\Module 3\spring-20200408T060243Z-001\spring\examples\Employee_details 1.4\Employee_details 1.4\target\classes\com\capg\dao\EmployeeDaoImpl.class]
2020-04-19 00:21:46 DEBUG ClassPathBeanDefinitionScanner:437 - Identified candidate component class: file [E:\capge\Study Material-20200407T063534Z-001\Study Material\Module 3\spring-20200408T060243Z-001\spring\examples\Employee_details 1.4\Employee_details 1.4\target\classes\com\capg\service\EmployeeServiceImpl.class]
2020-04-19 00:21:46 DEBUG DefaultListableBeanFactory:213 - Creating shared instance of singleton bean 'org.springframework.context.event.internalEventListenerProcessor'
2020-04-19 00:21:46 DEBUG DefaultListableBeanFactory:213 - Creating shared instance of singleton bean 'org.springframework.context.event.internalEventListenerFactory'
2020-04-19 00:21:46 DEBUG DefaultListableBeanFactory:213 - Creating shared instance of singleton bean 'org.springframework.context.annotation.internalAutowiredAnnotationProcessor'
2020-04-19 00:21:46 DEBUG DefaultListableBeanFactory:213 - Creating shared instance of singleton bean 'org.springframework.context.annotation.internalCommonAnnotationProcessor'
2020-04-19 00:21:46 DEBUG DefaultListableBeanFactory:213 - Creating shared instance of singleton bean 'javaConfig'
2020-04-19 00:21:46 DEBUG DefaultListableBeanFactory:213 - Creating shared instance of singleton bean 'employeeDaoImpl'
2020-04-19 00:21:46 DEBUG DefaultListableBeanFactory:213 - Creating shared instance of singleton bean 'employeeServiceImpl'
